#
# There is insufficient memory for the Java Runtime Environment to continue.
# Native memory allocation (malloc) failed to allocate 760816 bytes for Chunk::new
# Possible reasons:
#   The system is out of physical RAM or swap space
#   The process is running with CompressedOops enabled, and the Java Heap may be blocking the growth of the native heap
# Possible solutions:
#   Reduce memory load on the system
#   Increase physical memory or swap space
#   Check if swap backing store is full
#   Decrease Java heap size (-Xmx/-Xms)
#   Decrease number of Java threads
#   Decrease Java thread stack sizes (-Xss)
#   Set larger code cache with -XX:ReservedCodeCacheSize=
#   JVM is running with Unscaled Compressed Oops mode in which the Java heap is
#     placed in the first 4GB address space. The Java Heap base address is the
#     maximum limit for the native heap growth. Please use -XX:HeapBaseMinAddress
#     to set the Java Heap base and to place the Java Heap above 4GB virtual address.
# This output file may be truncated or incomplete.
#
#  Out of Memory Error (allocation.cpp:389), pid=20520, tid=0x0000000000005c10
#
# JRE version: Java(TM) SE Runtime Environment (8.0_281-b09) (build 1.8.0_281-b09)
# Java VM: Java HotSpot(TM) 64-Bit Server VM (25.281-b09 mixed mode windows-amd64 compressed oops)
# Failed to write core dump. Minidumps are not enabled by default on client versions of Windows
#

---------------  T H R E A D  ---------------

Current thread (0x0000014069135000):  JavaThread "C2 CompilerThread0" daemon [_thread_in_native, id=23568, stack(0x0000003701700000,0x0000003701800000)]

Stack: [0x0000003701700000,0x0000003701800000]
Native frames: (J=compiled Java code, j=interpreted, Vv=VM code, C=native code)
V  [jvm.dll+0x32e5b9]
V  [jvm.dll+0x275012]
V  [jvm.dll+0x275cbd]
V  [jvm.dll+0x26c6f5]
V  [jvm.dll+0xd51fc]
V  [jvm.dll+0xd59fc]
V  [jvm.dll+0x46f8c3]
V  [jvm.dll+0x437598]
V  [jvm.dll+0x4403d5]
V  [jvm.dll+0x43f795]
V  [jvm.dll+0x42a5e7]
V  [jvm.dll+0xabe9b]
V  [jvm.dll+0xaa4fb]
V  [jvm.dll+0x23d6b2]
V  [jvm.dll+0x291cbc]
C  [ucrtbase.dll+0x210b2]
C  [KERNEL32.DLL+0x17c24]
C  [ntdll.dll+0x6d721]


Current CompileTask:
C2:   2818 1597       4       java.net.URLStreamHandler::parseURL (1193 bytes)


---------------  P R O C E S S  ---------------

Java Threads: ( => current thread )
  0x000001406a198800 JavaThread "Service Thread" daemon [_thread_blocked, id=23316, stack(0x0000003701a00000,0x0000003701b00000)]
  0x0000014069139000 JavaThread "C1 CompilerThread2" daemon [_thread_in_native, id=12276, stack(0x0000003701900000,0x0000003701a00000)]
  0x0000014069136800 JavaThread "C2 CompilerThread1" daemon [_thread_in_native, id=24508, stack(0x0000003701800000,0x0000003701900000)]
=>0x0000014069135000 JavaThread "C2 CompilerThread0" daemon [_thread_in_native, id=23568, stack(0x0000003701700000,0x0000003701800000)]
  0x0000014069130800 JavaThread "Monitor Ctrl-Break" daemon [_thread_in_native, id=23004, stack(0x0000003701600000,0x0000003701700000)]
  0x00000140690ca000 JavaThread "Attach Listener" daemon [_thread_blocked, id=22948, stack(0x0000003701500000,0x0000003701600000)]
  0x00000140690c9000 JavaThread "Signal Dispatcher" daemon [_thread_blocked, id=9860, stack(0x0000003701400000,0x0000003701500000)]
  0x00000140690a2800 JavaThread "Finalizer" daemon [_thread_blocked, id=23192, stack(0x0000003701300000,0x0000003701400000)]
  0x0000014069099000 JavaThread "Reference Handler" daemon [_thread_blocked, id=22728, stack(0x0000003701200000,0x0000003701300000)]
  0x0000014052db0800 JavaThread "main" [_thread_in_native, id=15184, stack(0x0000003700c00000,0x0000003700d00000)]

Other Threads:
  0x0000014069070000 VMThread [stack: 0x0000003701100000,0x0000003701200000] [id=24264]
  0x000001406919d800 WatcherThread [stack: 0x0000003701b00000,0x0000003701c00000] [id=24060]

VM state:not at safepoint (normal execution)

VM Mutex/Monitor currently owned by a thread:  ([mutex/lock_event])
[0x0000014052d94dd0] CodeCache_lock - owner thread: 0x0000000000000000

heap address: 0x0000000081a00000, size: 2022 MB, Compressed Oops mode: 32-bit
Narrow klass base: 0x0000000000000000, Narrow klass shift: 3
Compressed class space size: 1073741824 Address: 0x0000000100000000

Heap:
 PSYoungGen      total 38400K, used 31782K [0x00000000d5e00000, 0x00000000d8880000, 0x0000000100000000)
  eden space 33280K, 80% used [0x00000000d5e00000,0x00000000d7809b48,0x00000000d7e80000)
  from space 5120K, 99% used [0x00000000d8380000,0x00000000d887fcb8,0x00000000d8880000)
  to   space 5120K, 0% used [0x00000000d7e80000,0x00000000d7e80000,0x00000000d8380000)
 ParOldGen       total 87552K, used 5968K [0x0000000081a00000, 0x0000000086f80000, 0x00000000d5e00000)
  object space 87552K, 6% used [0x0000000081a00000,0x0000000081fd41c0,0x0000000086f80000)
 Metaspace       used 19747K, capacity 20600K, committed 20736K, reserved 1067008K
  class space    used 2334K, capacity 2554K, committed 2560K, reserved 1048576K

Card table byte_map: [0x0000014063ab0000,0x0000014063eb0000] byte_map_base: 0x00000140636a3000

Marking Bits: (ParMarkBitMap*) 0x000000006c736ff0
 Begin Bits: [0x0000014064160000, 0x00000140660f8000)
 End Bits:   [0x00000140660f8000, 0x0000014068090000)

Polling page: 0x00000140546c0000

CodeCache: size=245760Kb used=6073Kb max_used=6073Kb free=239686Kb
 bounds [0x00000140546f0000, 0x0000014054cf0000, 0x00000140636f0000]
 total_blobs=2083 nmethods=1720 adapters=275
 compilation: enabled

Compilation events (10 events):
Event: 2.751 Thread 0x0000014069139000 nmethod 1665 0x0000014054cc52d0 code [0x0000014054cc5440, 0x0000014054cc5650]
Event: 2.751 Thread 0x0000014069139000 1666       3       java.util.ArrayList::<init> (63 bytes)
Event: 2.751 Thread 0x0000014069136800 nmethod 1647 0x0000014054cc7210 code [0x0000014054cc7360, 0x0000014054cc74f8]
Event: 2.751 Thread 0x0000014069136800 1646       4       java.util.AbstractList::<init> (10 bytes)
Event: 2.752 Thread 0x0000014069139000 nmethod 1666 0x0000014054cc4990 code [0x0000014054cc4b40, 0x0000014054cc5080]
Event: 2.752 Thread 0x0000014069136800 nmethod 1646 0x0000014054cc29d0 code [0x0000014054cc2b00, 0x0000014054cc2b58]
Event: 2.771 Thread 0x0000014069136800 1667       4       java.nio.Buffer::flip (20 bytes)
Event: 2.772 Thread 0x0000014069136800 nmethod 1667 0x0000014054cca3d0 code [0x0000014054cca500, 0x0000014054cca578]
Event: 2.789 Thread 0x0000014069136800 1668       4       java.util.regex.Pattern::append (39 bytes)
Event: 2.791 Thread 0x0000014069136800 nmethod 1668 0x0000014054cc8a10 code [0x0000014054cc8b60, 0x0000014054cc8d78]

GC Heap History (8 events):
Event: 1.185 GC heap before
{Heap before GC invocations=1 (full 0):
 PSYoungGen      total 38400K, used 33280K [0x00000000d5e00000, 0x00000000d8880000, 0x0000000100000000)
  eden space 33280K, 100% used [0x00000000d5e00000,0x00000000d7e80000,0x00000000d7e80000)
  from space 5120K, 0% used [0x00000000d8380000,0x00000000d8380000,0x00000000d8880000)
  to   space 5120K, 0% used [0x00000000d7e80000,0x00000000d7e80000,0x00000000d8380000)
 ParOldGen       total 87552K, used 0K [0x0000000081a00000, 0x0000000086f80000, 0x00000000d5e00000)
  object space 87552K, 0% used [0x0000000081a00000,0x0000000081a00000,0x0000000086f80000)
 Metaspace       used 7909K, capacity 8184K, committed 8320K, reserved 1056768K
  class space    used 967K, capacity 1078K, committed 1152K, reserved 1048576K
Event: 1.189 GC heap after
Heap after GC invocations=1 (full 0):
 PSYoungGen      total 38400K, used 3746K [0x00000000d5e00000, 0x00000000d8880000, 0x0000000100000000)
  eden space 33280K, 0% used [0x00000000d5e00000,0x00000000d5e00000,0x00000000d7e80000)
  from space 5120K, 73% used [0x00000000d7e80000,0x00000000d82289c0,0x00000000d8380000)
  to   space 5120K, 0% used [0x00000000d8380000,0x00000000d8380000,0x00000000d8880000)
 ParOldGen       total 87552K, used 16K [0x0000000081a00000, 0x0000000086f80000, 0x00000000d5e00000)
  object space 87552K, 0% used [0x0000000081a00000,0x0000000081a04000,0x0000000086f80000)
 Metaspace       used 7909K, capacity 8184K, committed 8320K, reserved 1056768K
  class space    used 967K, capacity 1078K, committed 1152K, reserved 1048576K
}
Event: 1.943 GC heap before
{Heap before GC invocations=2 (full 0):
 PSYoungGen      total 38400K, used 37026K [0x00000000d5e00000, 0x00000000d8880000, 0x0000000100000000)
  eden space 33280K, 100% used [0x00000000d5e00000,0x00000000d7e80000,0x00000000d7e80000)
  from space 5120K, 73% used [0x00000000d7e80000,0x00000000d82289c0,0x00000000d8380000)
  to   space 5120K, 0% used [0x00000000d8380000,0x00000000d8380000,0x00000000d8880000)
 ParOldGen       total 87552K, used 16K [0x0000000081a00000, 0x0000000086f80000, 0x00000000d5e00000)
  object space 87552K, 0% used [0x0000000081a00000,0x0000000081a04000,0x0000000086f80000)
 Metaspace       used 10998K, capacity 11350K, committed 11648K, reserved 1058816K
  class space    used 1261K, capacity 1357K, committed 1408K, reserved 1048576K
Event: 1.948 GC heap after
Heap after GC invocations=2 (full 0):
 PSYoungGen      total 38400K, used 5112K [0x00000000d5e00000, 0x00000000d8880000, 0x0000000100000000)
  eden space 33280K, 0% used [0x00000000d5e00000,0x00000000d5e00000,0x00000000d7e80000)
  from space 5120K, 99% used [0x00000000d8380000,0x00000000d887e0d8,0x00000000d8880000)
  to   space 5120K, 0% used [0x00000000d7e80000,0x00000000d7e80000,0x00000000d8380000)
 ParOldGen       total 87552K, used 399K [0x0000000081a00000, 0x0000000086f80000, 0x00000000d5e00000)
  object space 87552K, 0% used [0x0000000081a00000,0x0000000081a63e18,0x0000000086f80000)
 Metaspace       used 10998K, capacity 11350K, committed 11648K, reserved 1058816K
  class space    used 1261K, capacity 1357K, committed 1408K, reserved 1048576K
}
Event: 2.382 GC heap before
{Heap before GC invocations=3 (full 0):
 PSYoungGen      total 38400K, used 38392K [0x00000000d5e00000, 0x00000000d8880000, 0x0000000100000000)
  eden space 33280K, 100% used [0x00000000d5e00000,0x00000000d7e80000,0x00000000d7e80000)
  from space 5120K, 99% used [0x00000000d8380000,0x00000000d887e0d8,0x00000000d8880000)
  to   space 5120K, 0% used [0x00000000d7e80000,0x00000000d7e80000,0x00000000d8380000)
 ParOldGen       total 87552K, used 399K [0x0000000081a00000, 0x0000000086f80000, 0x00000000d5e00000)
  object space 87552K, 0% used [0x0000000081a00000,0x0000000081a63e18,0x0000000086f80000)
 Metaspace       used 15392K, capacity 16082K, committed 16128K, reserved 1062912K
  class space    used 1816K, capacity 2005K, committed 2048K, reserved 1048576K
Event: 2.388 GC heap after
Heap after GC invocations=3 (full 0):
 PSYoungGen      total 38400K, used 5102K [0x00000000d5e00000, 0x00000000d8880000, 0x0000000100000000)
  eden space 33280K, 0% used [0x00000000d5e00000,0x00000000d5e00000,0x00000000d7e80000)
  from space 5120K, 99% used [0x00000000d7e80000,0x00000000d837bbf8,0x00000000d8380000)
  to   space 5120K, 0% used [0x00000000d8380000,0x00000000d8380000,0x00000000d8880000)
 ParOldGen       total 87552K, used 2353K [0x0000000081a00000, 0x0000000086f80000, 0x00000000d5e00000)
  object space 87552K, 2% used [0x0000000081a00000,0x0000000081c4c468,0x0000000086f80000)
 Metaspace       used 15392K, capacity 16082K, committed 16128K, reserved 1062912K
  class space    used 1816K, capacity 2005K, committed 2048K, reserved 1048576K
}
Event: 2.618 GC heap before
{Heap before GC invocations=4 (full 0):
 PSYoungGen      total 38400K, used 38382K [0x00000000d5e00000, 0x00000000d8880000, 0x0000000100000000)
  eden space 33280K, 100% used [0x00000000d5e00000,0x00000000d7e80000,0x00000000d7e80000)
  from space 5120K, 99% used [0x00000000d7e80000,0x00000000d837bbf8,0x00000000d8380000)
  to   space 5120K, 0% used [0x00000000d8380000,0x00000000d8380000,0x00000000d8880000)
 ParOldGen       total 87552K, used 2353K [0x0000000081a00000, 0x0000000086f80000, 0x00000000d5e00000)
  object space 87552K, 2% used [0x0000000081a00000,0x0000000081c4c468,0x0000000086f80000)
 Metaspace       used 17899K, capacity 18700K, committed 18944K, reserved 1067008K
  class space    used 2089K, capacity 2302K, committed 2304K, reserved 1048576K
Event: 2.625 GC heap after
Heap after GC invocations=4 (full 0):
 PSYoungGen      total 38400K, used 5119K [0x00000000d5e00000, 0x00000000d8880000, 0x0000000100000000)
  eden space 33280K, 0% used [0x00000000d5e00000,0x00000000d5e00000,0x00000000d7e80000)
  from space 5120K, 99% used [0x00000000d8380000,0x00000000d887fcb8,0x00000000d8880000)
  to   space 5120K, 0% used [0x00000000d7e80000,0x00000000d7e80000,0x00000000d8380000)
 ParOldGen       total 87552K, used 5968K [0x0000000081a00000, 0x0000000086f80000, 0x00000000d5e00000)
  object space 87552K, 6% used [0x0000000081a00000,0x0000000081fd41c0,0x0000000086f80000)
 Metaspace       used 17899K, capacity 18700K, committed 18944K, reserved 1067008K
  class space    used 2089K, capacity 2302K, committed 2304K, reserved 1048576K
}

Deoptimization events (10 events):
Event: 1.994 Thread 0x0000014052db0800 Uncommon trap: reason=unstable_if action=reinterpret pc=0x0000014054a3fa04 method=sun.misc.MetaIndex.mayContain(Ljava/lang/String;)Z @ 38
Event: 2.033 Thread 0x0000014052db0800 Uncommon trap: reason=unstable_if action=reinterpret pc=0x0000014054b6a2b0 method=java.util.regex.Pattern.range(Ljava/util/regex/Pattern$BitClass;)Ljava/util/regex/Pattern$CharProperty; @ 108
Event: 2.035 Thread 0x0000014052db0800 Uncommon trap: reason=bimorphic action=maybe_recompile pc=0x0000014054b624f4 method=java.util.regex.Pattern$Curly.match(Ljava/util/regex/Matcher;ILjava/lang/CharSequence;)Z @ 19
Event: 2.035 Thread 0x0000014052db0800 Uncommon trap: reason=bimorphic action=maybe_recompile pc=0x0000014054b624f4 method=java.util.regex.Pattern$Curly.match(Ljava/util/regex/Matcher;ILjava/lang/CharSequence;)Z @ 19
Event: 2.035 Thread 0x0000014052db0800 Uncommon trap: reason=bimorphic action=maybe_recompile pc=0x0000014054b624f4 method=java.util.regex.Pattern$Curly.match(Ljava/util/regex/Matcher;ILjava/lang/CharSequence;)Z @ 19
Event: 2.035 Thread 0x0000014052db0800 Uncommon trap: reason=bimorphic action=maybe_recompile pc=0x0000014054b624f4 method=java.util.regex.Pattern$Curly.match(Ljava/util/regex/Matcher;ILjava/lang/CharSequence;)Z @ 19
Event: 2.083 Thread 0x0000014052db0800 Uncommon trap: reason=unstable_if action=reinterpret pc=0x00000140548e2670 method=java.lang.AbstractStringBuilder.append(Ljava/lang/String;)Ljava/lang/AbstractStringBuilder; @ 1
Event: 2.362 Thread 0x0000014052db0800 Uncommon trap: reason=unstable_if action=reinterpret pc=0x0000014054c36b68 method=java.util.Arrays.hashCode([B)I @ 1
Event: 2.416 Thread 0x0000014052db0800 Uncommon trap: reason=range_check action=make_not_entrant pc=0x0000014054c46060 method=sun.reflect.generics.parser.SignatureParser.current()C @ 34
Event: 2.492 Thread 0x0000014052db0800 Uncommon trap: reason=unstable_if action=reinterpret pc=0x0000014054bea814 method=jdk.internal.org.objectweb.asm.Type.getArgumentsAndReturnSizes(Ljava/lang/String;)I @ 41

Classes redefined (0 events):
No events

Internal exceptions (10 events):
Event: 2.182 Thread 0x0000014052db0800 Exception <a 'java/lang/ClassNotFoundException': org/apache/log4j/FileAppenderCustomizer> (0x00000000d737eb48) thrown at [C:\jenkins\workspace\8-2-build-windows-amd64-cygwin\jdk8u281\880\hotspot\src\share\vm\classfile\systemDictionary.cpp, line 212]
Event: 2.289 Thread 0x0000014052db0800 Exception <a 'java/lang/IncompatibleClassChangeError': Found class java.lang.Object, but interface was expected> (0x00000000d7a30be0) thrown at [C:\jenkins\workspace\8-2-build-windows-amd64-cygwin\jdk8u281\880\hotspot\src\share\vm\interpreter\linkResolver
Event: 2.296 Thread 0x0000014052db0800 Exception <a 'sun/nio/fs/WindowsException'> (0x00000000d7a66288) thrown at [C:\jenkins\workspace\8-2-build-windows-amd64-cygwin\jdk8u281\880\hotspot\src\share\vm\prims\jni.cpp, line 710]
Event: 2.357 Thread 0x0000014052db0800 Exception <a 'sun/nio/fs/WindowsException'> (0x00000000d7c28b18) thrown at [C:\jenkins\workspace\8-2-build-windows-amd64-cygwin\jdk8u281\880\hotspot\src\share\vm\prims\jni.cpp, line 710]
Event: 2.362 Thread 0x0000014052db0800 Implicit null exception at 0x0000014054c36a4f to 0x0000014054c36b59
Event: 2.393 Thread 0x0000014052db0800 Exception <a 'java/lang/NoSuchMethodError': java.lang.Object.lambda$comparingInt$7b0bb60$1(Ljava/util/function/ToIntFunction;Ljava/lang/Object;Ljava/lang/Object;)I> (0x00000000d5eaff10) thrown at [C:\jenkins\workspace\8-2-build-windows-amd64-cygwin\jdk8u2
Event: 2.400 Thread 0x0000014052db0800 Exception <a 'sun/nio/fs/WindowsException'> (0x00000000d5f51718) thrown at [C:\jenkins\workspace\8-2-build-windows-amd64-cygwin\jdk8u281\880\hotspot\src\share\vm\prims\jni.cpp, line 710]
Event: 2.416 Thread 0x0000014052db0800 Exception <a 'java/lang/ArrayIndexOutOfBoundsException': 56> (0x00000000d60b19e8) thrown at [C:\jenkins\workspace\8-2-build-windows-amd64-cygwin\jdk8u281\880\hotspot\src\share\vm\interpreter\interpreterRuntime.cpp, line 371]
Event: 2.416 Thread 0x0000014052db0800 Exception <a 'java/lang/ArrayIndexOutOfBoundsException': 60> (0x00000000d60b2e50) thrown at [C:\jenkins\workspace\8-2-build-windows-amd64-cygwin\jdk8u281\880\hotspot\src\share\vm\interpreter\interpreterRuntime.cpp, line 371]
Event: 2.460 Thread 0x0000014052db0800 Exception <a 'sun/nio/fs/WindowsException'> (0x00000000d6524dd0) thrown at [C:\jenkins\workspace\8-2-build-windows-amd64-cygwin\jdk8u281\880\hotspot\src\share\vm\prims\jni.cpp, line 710]

Events (10 events):
Event: 2.793 loading class io/cucumber/gherkin/internal/com/eclipsesource/json/WritingBuffer
Event: 2.793 loading class io/cucumber/gherkin/internal/com/eclipsesource/json/WritingBuffer done
Event: 2.794 loading class io/cucumber/gherkin/internal/com/eclipsesource/json/JsonArray
Event: 2.794 loading class io/cucumber/gherkin/internal/com/eclipsesource/json/JsonArray done
Event: 2.794 loading class io/cucumber/gherkin/internal/com/eclipsesource/json/JsonObject
Event: 2.794 loading class io/cucumber/gherkin/internal/com/eclipsesource/json/JsonObject done
Event: 2.795 loading class io/cucumber/gherkin/internal/com/eclipsesource/json/JsonParser
Event: 2.795 loading class io/cucumber/gherkin/internal/com/eclipsesource/json/JsonParser done
Event: 2.795 loading class io/cucumber/gherkin/internal/com/eclipsesource/json/ParseException
Event: 2.795 loading class io/cucumber/gherkin/internal/com/eclipsesource/json/ParseException done


Dynamic libraries:
0x00007ff7135b0000 - 0x00007ff7135f7000 	C:\Program Files\Java\jdk1.8.0_281\bin\java.exe
0x00007ff809c60000 - 0x00007ff809e50000 	C:\WINDOWS\SYSTEM32\ntdll.dll
0x00007ff809740000 - 0x00007ff8097f2000 	C:\WINDOWS\System32\KERNEL32.DLL
0x00007ff806d10000 - 0x00007ff806fb5000 	C:\WINDOWS\System32\KERNELBASE.dll
0x00007ff809910000 - 0x00007ff8099b3000 	C:\WINDOWS\System32\ADVAPI32.dll
0x00007ff808b20000 - 0x00007ff808bbe000 	C:\WINDOWS\System32\msvcrt.dll
0x00007ff807d70000 - 0x00007ff807e07000 	C:\WINDOWS\System32\sechost.dll
0x00007ff809a20000 - 0x00007ff809b3f000 	C:\WINDOWS\System32\RPCRT4.dll
0x00007ff8095a0000 - 0x00007ff809734000 	C:\WINDOWS\System32\USER32.dll
0x00007ff807cc0000 - 0x00007ff807ce1000 	C:\WINDOWS\System32\win32u.dll
0x00007ff808e60000 - 0x00007ff808e86000 	C:\WINDOWS\System32\GDI32.dll
0x00007ff806fc0000 - 0x00007ff807158000 	C:\WINDOWS\System32\gdi32full.dll
0x00007ff806be0000 - 0x00007ff806c7e000 	C:\WINDOWS\System32\msvcp_win.dll
0x00007ff807160000 - 0x00007ff80725a000 	C:\WINDOWS\System32\ucrtbase.dll
0x00007fffe9030000 - 0x00007fffe92b4000 	C:\WINDOWS\WinSxS\amd64_microsoft.windows.common-controls_6595b64144ccf1df_6.0.18362.1379_none_9e7ff3b3e45cc0c4\COMCTL32.dll
0x00007ff808690000 - 0x00007ff8089c7000 	C:\WINDOWS\System32\combase.dll
0x00007ff8074b0000 - 0x00007ff807531000 	C:\WINDOWS\System32\bcryptPrimitives.dll
0x00007ff809bf0000 - 0x00007ff809c1e000 	C:\WINDOWS\System32\IMM32.DLL
0x00007fffe8050000 - 0x00007fffe8065000 	C:\Program Files\Java\jdk1.8.0_281\jre\bin\vcruntime140.dll
0x00007fffdfd20000 - 0x00007fffdfdbb000 	C:\Program Files\Java\jdk1.8.0_281\jre\bin\msvcp140.dll
0x000000006bf50000 - 0x000000006c7af000 	C:\Program Files\Java\jdk1.8.0_281\jre\bin\server\jvm.dll
0x00007ff809380000 - 0x00007ff809388000 	C:\WINDOWS\System32\PSAPI.DLL
0x00007ffffb430000 - 0x00007ffffb439000 	C:\WINDOWS\SYSTEM32\WSOCK32.dll
0x00007ff808e90000 - 0x00007ff808eff000 	C:\WINDOWS\System32\WS2_32.dll
0x00007ff8037c0000 - 0x00007ff8037e4000 	C:\WINDOWS\SYSTEM32\WINMM.dll
0x00007ffffcf30000 - 0x00007ffffcf3a000 	C:\WINDOWS\SYSTEM32\VERSION.dll
0x00007ff803760000 - 0x00007ff80378d000 	C:\WINDOWS\SYSTEM32\WINMMBASE.dll
0x00007ff807460000 - 0x00007ff8074aa000 	C:\WINDOWS\System32\cfgmgr32.dll
0x00007ff806bc0000 - 0x00007ff806bd1000 	C:\WINDOWS\System32\kernel.appcore.dll
0x00007fffe7ea0000 - 0x00007fffe7eb0000 	C:\Program Files\Java\jdk1.8.0_281\jre\bin\verify.dll
0x00007fffe7970000 - 0x00007fffe799b000 	C:\Program Files\Java\jdk1.8.0_281\jre\bin\java.dll
0x00007ffff2d10000 - 0x00007ffff2d40000 	C:\Program Files\Java\jdk1.8.0_281\jre\bin\instrument.dll
0x00007fffe4000000 - 0x00007fffe4018000 	C:\Program Files\Java\jdk1.8.0_281\jre\bin\zip.dll
0x00007ff807fa0000 - 0x00007ff808688000 	C:\WINDOWS\System32\SHELL32.dll
0x00007ff809860000 - 0x00007ff809907000 	C:\WINDOWS\System32\shcore.dll
0x00007ff807540000 - 0x00007ff807cbb000 	C:\WINDOWS\System32\windows.storage.dll
0x00007ff806b90000 - 0x00007ff806bb3000 	C:\WINDOWS\System32\profapi.dll
0x00007ff806b20000 - 0x00007ff806b6a000 	C:\WINDOWS\System32\powrprof.dll
0x00007ff806b10000 - 0x00007ff806b20000 	C:\WINDOWS\System32\UMPDC.dll
0x00007ff8099c0000 - 0x00007ff809a12000 	C:\WINDOWS\System32\shlwapi.dll
0x00007ff807cf0000 - 0x00007ff807d07000 	C:\WINDOWS\System32\cryptsp.dll
0x00007ffff2cf0000 - 0x00007ffff2d0a000 	D:\IntelliJ IDEA Community Edition 2020.3.1\bin\breakgen64.dll
0x00007fffe3b40000 - 0x00007fffe3b5c000 	C:\Program Files\Java\jdk1.8.0_281\jre\bin\net.dll
0x00007ff8062f0000 - 0x00007ff806357000 	C:\WINDOWS\system32\mswsock.dll
0x00007fffe0310000 - 0x00007fffe0323000 	C:\Program Files\Java\jdk1.8.0_281\jre\bin\nio.dll
0x00007ff805e70000 - 0x00007ff805ea3000 	C:\WINDOWS\system32\rsaenh.dll
0x00007ff806c80000 - 0x00007ff806ca6000 	C:\WINDOWS\System32\bcrypt.dll
0x00007ff8069f0000 - 0x00007ff806a15000 	C:\WINDOWS\SYSTEM32\USERENV.dll
0x00007ff8064c0000 - 0x00007ff8064cc000 	C:\WINDOWS\SYSTEM32\CRYPTBASE.dll
0x00007ff806000000 - 0x00007ff80603a000 	C:\WINDOWS\SYSTEM32\IPHLPAPI.DLL
0x00007ff808f00000 - 0x00007ff808f08000 	C:\WINDOWS\System32\NSI.dll
0x00007ffffec70000 - 0x00007ffffec86000 	C:\WINDOWS\SYSTEM32\dhcpcsvc6.DLL
0x00007ff800000000 - 0x00007ff80001c000 	C:\WINDOWS\SYSTEM32\dhcpcsvc.DLL
0x00007ff806040000 - 0x00007ff80610b000 	C:\WINDOWS\SYSTEM32\DNSAPI.dll
0x00007ffffabf0000 - 0x00007ffffade4000 	C:\WINDOWS\SYSTEM32\dbghelp.dll

VM Arguments:
jvm_args: -ea -Dfile.encoding=UTF-8 -DnodeNamesHandler=org.jetbrains.plugins.cucumber.java.run.CucumberTestTreeNodeManager -Didea.test.cyclic.buffer.size=1048576 -javaagent:D:\IntelliJ IDEA Community Edition 2020.3.1\lib\idea_rt.jar=60661:D:\IntelliJ IDEA Community Edition 2020.3.1\bin 
java_command: com.intellij.rt.junit.JUnitStarter -ideVersion5 -junit4 CucumberRunner
java_class_path (initial): D:\IntelliJ IDEA Community Edition 2020.3.1\lib\idea_rt.jar;D:\IntelliJ IDEA Community Edition 2020.3.1\plugins\junit\lib\junit5-rt.jar;D:\IntelliJ IDEA Community Edition 2020.3.1\plugins\junit\lib\junit-rt.jar;C:\Program Files\Java\jdk1.8.0_281\jre\lib\charsets.jar;C:\Program Files\Java\jdk1.8.0_281\jre\lib\deploy.jar;C:\Program Files\Java\jdk1.8.0_281\jre\lib\ext\access-bridge-64.jar;C:\Program Files\Java\jdk1.8.0_281\jre\lib\ext\cldrdata.jar;C:\Program Files\Java\jdk1.8.0_281\jre\lib\ext\dnsns.jar;C:\Program Files\Java\jdk1.8.0_281\jre\lib\ext\jaccess.jar;C:\Program Files\Java\jdk1.8.0_281\jre\lib\ext\jfxrt.jar;C:\Program Files\Java\jdk1.8.0_281\jre\lib\ext\localedata.jar;C:\Program Files\Java\jdk1.8.0_281\jre\lib\ext\nashorn.jar;C:\Program Files\Java\jdk1.8.0_281\jre\lib\ext\sunec.jar;C:\Program Files\Java\jdk1.8.0_281\jre\lib\ext\sunjce_provider.jar;C:\Program Files\Java\jdk1.8.0_281\jre\lib\ext\sunmscapi.jar;C:\Program Files\Java\jdk1.8.0_281\jre\lib\ext\sunpkcs11.jar;C:\Program Files\Java\jdk1.8.0_281\jre\lib\ext\zipfs.jar;C:\Program Files\Java\jdk1.8.0_281\jre\lib\javaws.jar;C:\Program Files\Java\jdk1.8.0_281\jre\lib\jce.jar;C:\Program Files\Java\jdk1.8.0_281\jre\lib\jfr.jar;C:\Program Files\Java\jdk1.8.0_281\jre\lib\jfxswt.jar;C:\Program Files\Java\jdk1.8.0_281\jre\lib\jsse.jar;C:\Program Files\Java\jdk1.8.0_281\jre\lib\management-agent.jar;C:\Program Files\Java\jdk1.8.0_281\jre\lib\plugin.jar;C:\Program Files\Java\jdk1.8.0_281\jre\lib\resources.jar;C:\Program Files\Java\jdk1.8.0_281\jre\lib\rt.jar;D:\gdr-ui\target\test-classes;D:\gdr-ui\target\classes;C:\Users\GlobeDr - Yen Ngo\.m2\repository\org\testng\testng\7.1.0\testng-7.1.0.jar;C:\Users\GlobeDr - Yen Ngo\.m2\repository\com\beust\jcommander\1.72\jcommander-1.72.jar;C:\Users\GlobeDr - Yen Ngo\.m2\repository\com\google\inject\guice\4.1.0\guice-4.1.0-no_aop.jar;C:\Users\GlobeDr - Yen Ngo\.m2\repository\javax\inject\javax.inject\1\javax.inject-1.jar;C:\Users\GlobeDr - Yen Ngo\.
Launcher Type: SUN_STANDARD

Environment Variables:
PATH=C:\Program Files\Java\jdk1.8.0_281\bin;C:\Program Files (x86)\Common Files\Oracle\Java\javapath;C:\WINDOWS\system32;C:\WINDOWS;C:\WINDOWS\System32\Wbem;C:\WINDOWS\System32\WindowsPowerShell\v1.0\;C:\WINDOWS\System32\OpenSSH\;C:\Program Files\Java\jdk1.8.0_201;C:\Program Files\Java\apache-maven-3.6.0\bin;C:\Program Files (x86)\Microsoft SQL Server\110\Tools\Binn\;C:\Program Files\Microsoft SQL Server\110\Tools\Binn\;C:\Program Files\Microsoft SQL Server\110\DTS\Binn\;C:\Program Files (x86)\Microsoft SQL Server\110\Tools\Binn\ManagementStudio\;C:\Program Files (x86)\Microsoft Visual Studio 10.0\Common7\IDE\PrivateAssemblies\;C:\Program Files (x86)\Microsoft SQL Server\110\DTS\Binn\;C:\Program Files\Git\cmd;C:\Users\GlobeDr - Yen Ngo\AppData\Local\Microsoft\WindowsApps;;D:\Software\IntelliJ IDEA\bin;
USERNAME=GlobeDr - Yen Ngo
OS=Windows_NT
PROCESSOR_IDENTIFIER=Intel64 Family 6 Model 42 Stepping 7, GenuineIntel



---------------  S Y S T E M  ---------------

OS: Windows 10.0 , 64 bit Build 18362 (10.0.18362.1350)

CPU:total 4 (initial active 4) (4 cores per cpu, 1 threads per core) family 6 model 42 stepping 7, cmov, cx8, fxsr, mmx, sse, sse2, sse3, ssse3, sse4.1, sse4.2, popcnt, avx, aes, clmul, tsc, tscinvbit

Memory: 4k page, physical 8274864k(823432k free), swap 16527276k(5128k free)

vm_info: Java HotSpot(TM) 64-Bit Server VM (25.281-b09) for windows-amd64 JRE (1.8.0_281-b09), built on Dec  9 2020 13:54:07 by "" with MS VC++ 15.9 (VS2017)

time: Tue Mar 16 10:26:20 2021
timezone: SE Asia Standard Time
elapsed time: 2.823068 seconds (0d 0h 0m 2s)

